<?xml version="1.0" encoding="UTF-8"?>
<testsuite xmlns:xsi="http://www.w3.org/2001/XMLSchema-instance" xsi:noNamespaceSchemaLocation="https://maven.apache.org/surefire/maven-surefire-plugin/xsd/surefire-test-report-3.0.xsd" version="3.0" name="com.api.test.demo_psql.DemoPsqlApplicationTests" time="6.197" tests="1" errors="0" skipped="0" failures="0">
  <properties>
[...]
</properties>
  <testcase name="contextLoads" classname="com.api.test.demo_psql.DemoPsqlApplicationTests" time="0.355">
    <system-out><![CDATA[16:35:08.598 [main] INFO org.springframework.test.context.support.AnnotationConfigContextLoaderUtils -- Could not detect default configuration classes for test class [com.api.test.demo_psql.DemoPsqlApplicationTests]: DemoPsqlApplicationTests does not declare any static, non-private, non-final, nested classes annotated with @Configuration.
16:35:08.673 [main] INFO org.springframework.boot.test.context.SpringBootTestContextBootstrapper -- Found @SpringBootConfiguration com.api.test.demo_psql.DemoPsqlApplication for test class com.api.test.demo_psql.DemoPsqlApplicationTests
16:35:08.811 [main] INFO org.springframework.boot.devtools.restart.RestartApplicationListener -- Restart disabled due to context in which it is running

  .   ____          _            __ _ _
 /\\ / ___'_ __ _ _(_)_ __  __ _ \ \ \ \
( ( )\___ | '_ | '_| | '_ \/ _` | \ \ \ \
 \\/  ___)| |_)| | | | | || (_| |  ) ) ) )
  '  |____| .__|_| |_|_| |_\__, | / / / /
 =========|_|==============|___/=/_/_/_/
 :: Spring Boot ::                (v3.2.8)

2024-08-03T16:35:08.998-04:00  INFO 14200 --- [demo-psql] [           main] c.a.t.d.DemoPsqlApplicationTests         : Starting DemoPsqlApplicationTests using Java 17.0.12 with PID 14200 (started by Leonardo in C:\Proyectos Abmodel\api spring boot\demo-psql)
2024-08-03T16:35:09.000-04:00  INFO 14200 --- [demo-psql] [           main] c.a.t.d.DemoPsqlApplicationTests         : No active profile set, falling back to 1 default profile: "default"
2024-08-03T16:35:09.468-04:00  INFO 14200 --- [demo-psql] [           main] .s.d.r.c.RepositoryConfigurationDelegate : Bootstrapping Spring Data JPA repositories in DEFAULT mode.
2024-08-03T16:35:09.517-04:00  INFO 14200 --- [demo-psql] [           main] .s.d.r.c.RepositoryConfigurationDelegate : Finished Spring Data repository scanning in 42 ms. Found 1 JPA repository interface.
2024-08-03T16:35:09.866-04:00  INFO 14200 --- [demo-psql] [           main] o.hibernate.jpa.internal.util.LogHelper  : HHH000204: Processing PersistenceUnitInfo [name: default]
2024-08-03T16:35:09.920-04:00  INFO 14200 --- [demo-psql] [           main] org.hibernate.Version                    : HHH000412: Hibernate ORM core version 6.4.9.Final
2024-08-03T16:35:09.956-04:00  INFO 14200 --- [demo-psql] [           main] o.h.c.internal.RegionFactoryInitiator    : HHH000026: Second-level cache disabled
2024-08-03T16:35:10.208-04:00  INFO 14200 --- [demo-psql] [           main] o.s.o.j.p.SpringPersistenceUnitInfo      : No LoadTimeWeaver setup: ignoring JPA class transformer
2024-08-03T16:35:10.231-04:00  INFO 14200 --- [demo-psql] [           main] com.zaxxer.hikari.HikariDataSource       : HikariPool-1 - Starting...
2024-08-03T16:35:11.959-04:00  INFO 14200 --- [demo-psql] [           main] com.zaxxer.hikari.pool.HikariPool        : HikariPool-1 - Added connection org.postgresql.jdbc.PgConnection@6ef037e4
2024-08-03T16:35:11.960-04:00  INFO 14200 --- [demo-psql] [           main] com.zaxxer.hikari.HikariDataSource       : HikariPool-1 - Start completed.
2024-08-03T16:35:12.137-04:00  WARN 14200 --- [demo-psql] [           main] org.hibernate.orm.deprecation            : HHH90000025: PostgreSQLDialect does not need to be specified explicitly using 'hibernate.dialect' (remove the property setting and it will be selected by default)
2024-08-03T16:35:13.075-04:00  INFO 14200 --- [demo-psql] [           main] o.h.e.t.j.p.i.JtaPlatformInitiator       : HHH000489: No JTA platform available (set 'hibernate.transaction.jta.platform' to enable JTA platform integration)
2024-08-03T16:35:13.718-04:00  INFO 14200 --- [demo-psql] [           main] j.LocalContainerEntityManagerFactoryBean : Initialized JPA EntityManagerFactory for persistence unit 'default'
2024-08-03T16:35:14.022-04:00  WARN 14200 --- [demo-psql] [           main] JpaBaseConfiguration$JpaWebConfiguration : spring.jpa.open-in-view is enabled by default. Therefore, database queries may be performed during view rendering. Explicitly configure spring.jpa.open-in-view to disable this warning
2024-08-03T16:35:14.307-04:00  INFO 14200 --- [demo-psql] [           main] c.a.t.d.DemoPsqlApplicationTests         : Started DemoPsqlApplicationTests in 5.508 seconds (process running for 6.201)
]]></system-out>
  </testcase>
</testsuite>